LaTeX fragment tooltips are enabled.
Latex fragment justification enabled
Latex numbering enabled
Inject latex enabled
../../../Software/scimax/scimax-projectile.el: Warning: Missing format argument
../../../Software/scimax/scimax-projectile.el: Warning: Missing format argument
../../../Software/scimax/scimax-projectile.el: Warning: Missing format argument
../../../Software/scimax/scimax-projectile.el: Warning: Missing format argument
Loading /home/runner/Software/scimax/scimax-notebook.el (source)...
Loaded /home/runner/Software/scimax/scimax-notebook.el
[yas] Prepared just-in-time loading of snippets successfully.
Loading /home/runner/Software/scimax/scimax-editmarks.el (source)...
Loaded /home/runner/Software/scimax/scimax-editmarks.el
Starting new Ispell process aspell with default dictionary... \ 
Starting new Ispell process aspell with default dictionary...done
Multiple snippets with same identity: "name-caption-figure"
Multiple snippets with same identity: "latex subscript"
Multiple snippets with same identity: "from ase.cluster.icosahedron import Icosahedron"
Multiple snippets with same identity: "scipy.optimize.minimize"
Buffer has been modified since undo-tree history was saved to
	  "/home/runner/work/org-lessons-gitpages/org-lessons-gitpages/lecciones/.Lecc01.org.~undo-tree~"; could not load undo-tree history
nil
Launching python3 kernel...
Starting python3 kernel process... \ 
Starting python3 kernel process... | 
Starting python3 kernel process...done
Launching python3 kernel...done
Requesting kernel info...
Loading /home/runner/.emacs.d/elpa/zmq-20241006.1857/emacs-zmq (module)...
Requesting kernel info...done
Can’t guess python-indent-offset, using defaults: 4
Can’t guess python-indent-offset, using defaults: 4
nil
659f79cd-5e29-48fd-adf4-1121bc1c1a12
nil
70625e42-b11b-484e-9b64-8e871659ea3f
nil
03454a3b-328a-4513-bc08-276b88425e9a
nil
9c69e2cf-047c-4e10-be47-7f751053e5cd
nil
b3d9c073-633f-45b2-aa49-a9abddd3c50e
nil
bfc6f45a-ca8d-4b93-b71f-d994da0c8e79
nil
b36f69f9-789d-4987-9c37-cd4b8c1d4993
nil
b41c8c26-dd71-47b0-aecc-a71f86818e5c
nil
424657a2-59ce-45b3-b70e-b56cb95f6e71
nil
babdf844-8a39-4e88-ab4c-b0c4fd7e3c57
nil
ce0c7c61-0f43-47e4-89d0-9f8d477925d9
nil
d7d472eb-3a50-4a8f-ae9e-67287c1fd5d4
nil
d9717876-07dc-4c87-9921-926a2a6ed254
nil
7d93a9d6-dae9-47f9-b3c5-287cefb751d8
nil
7e2c8c1f-c4b0-4dbd-8e9e-aaf0f1350f42
nil
53d034eb-332c-4119-a07b-4af83346e3a9
nil
38d14936-9d73-4b5f-a008-eeb9c4af22be
Buffer has been modified since undo-tree history was saved to
	  "/home/runner/work/org-lessons-gitpages/org-lessons-gitpages/lecciones/.Lecc01.ipynb.~undo-tree~"; could not load undo-tree history
"Lecc01.ipynb"
nil
nil
